<!DOCTYPE html>


<html>
	<head>
        <meta http-equiv="content-type" content="text/html; charset=UTF-8" />
		<title>API_Tests Test Execution Report</title>
        <script type="text/javascript" src="http://code.jquery.com/jquery-1.6.2.min.js"></script>
        <script type="text/javascript">
            /**
            * jQuery.fn.sortElements
            * --------------
            * #author James Padolsey (http://james.padolsey.com)
            * #version 0.11
            * #updated 18-MAR-2010
            * #url https://raw.github.com/jamespadolsey/jQuery-Plugins/master/sortElements/jquery.sortElements.js
            * --------------
            * #param Function comparator:
            *   Exactly the same behaviour as [1,2,3].sort(comparator)
            *   
            * #param Function getSortable
            *   A function that should return the element that is
            *   to be sorted. The comparator will run on the
            *   current collection, but you may want the actual
            *   resulting sort to occur on a parent or another
            *   associated element.
            *   
            *   E.g. $('td').sortElements(comparator, function(){
            *      return this.parentNode; 
            *   })
            *   
            *   The <td>'s parent (<tr>) will be sorted instead
            *   of the <td> itself.
            */
            jQuery.fn.sortElements = (function () {

                var sort = [].sort;

                return function (comparator, getSortable) {

                    getSortable = getSortable || function () { return this; };

                    var placements = this.map(function () {

                        var sortElement = getSortable.call(this),
                parentNode = sortElement.parentNode,

                        // Since the element itself will change position, we have
                        // to have some way of storing it's original position in
                        // the DOM. The easiest way is to have a 'flag' node:
                nextSibling = parentNode.insertBefore(
                    document.createTextNode(''),
                    sortElement.nextSibling
                );

                        return function () {

                            if (parentNode === this) {
                                throw new Error(
                        "You can't sort elements if any one is a descendant of another."
                    );
                            }

                            // Insert before flag:
                            parentNode.insertBefore(this, nextSibling);
                            // Remove flag:
                            parentNode.removeChild(nextSibling);

                        };

                    });

                    return sort.call(this, comparator).each(function (i) {
                        placements[i].call(getSortable.call(this));
                    });

                };

            })();
        </script>
        <script type="text/javascript">
            jQuery.fn.setBarSizes = (function () {
                return function (metricName, maxBarSize, min) {
                    var max = Math.max.apply(Math, $.makeArray($(this).map(function () { return Number($(this).attr('data-sr-' + metricName)); })));
                    var scale = 1.0;
                    while (max > 0.0 && max <= 10.0) {
                        scale = scale * 10.0;
                        max = max * 10.0;
                    }
                    max = (Math.ceil(max / 2) * 2) / scale;

                    this.each(function () {
                        var barAnchor = $(this).find('a');
                        var actual = $(this).attr('data-sr-' + metricName);
                        var newHeight = Math.max(Math.round(maxBarSize * (actual - min) / (max - min)), 2);
                        barAnchor.css({ height: newHeight });
                    });

                    var unit = "";
                    if (metricName.substr(metricName.length - 4, 4) === "time")
                        unit = "s";

                    $('#testview .scale-min-label').each(function () {
                        $(this).text(min.toString() + unit);
                    });
                    $('#testview .scale-max-label').each(function () {
                        $(this).text(max.toString() + unit);
                    });
                    var mid = max / 2;
                    $('#testview .scale-mid-label').each(function () {
                        $(this).text(mid.toString() + unit);
                    });
                };
            })();

            function getComparer(metricName, isDesc) {
                return function (a, b) {
                    var aNumber = Number($(a).attr('data-sr-' + metricName));
                    var bNumber = Number($(b).attr('data-sr-' + metricName));
                    var result = aNumber > bNumber ? 1 : (aNumber < bNumber ? -1 : 0);
                    if (isDesc)
                        result = -1 * result;

                    if (result == 0 && metricName != "order")
                        result = getComparer("order", false)(a, b);

                    return result;
                };
            }

            var currentSort = "";
            function doSort(allowToggleDesc) {
                var newSort = $("input[name='barSortOrder']:checked").val();
                if (allowToggleDesc && currentSort == newSort) {
                    $('#barSortDesc').click();
                    doSort(false);
                    return;
                }
                currentSort = newSort;
                $('#testview td.testview-item').sortElements(getComparer(newSort, $('#barSortDesc').is(':checked')));
            }


            function doSetHeights(allowSort) {
                var selectedMetric = $("input[name='barHeight']:checked").val();
                $('#testview td.testview-item').setBarSizes(selectedMetric, 60, 0.0);

                if (allowSort && currentSort != selectedMetric) {
                    var $radios = $("input[name='barSortOrder']");
                    $radios.filter('[value=' + selectedMetric + ']').attr('checked', true);
                    $("#barSortDesc").attr("checked", [true]);
                    doSort(false);
                }
            }

            $(document).ready(function () {
                $("input[name='barSortOrder']").click(function () { doSort(true); return true; });
                $("input[name='barSortDesc']").change(function () { doSort(false); });
                $("input[name='barHeight']").change(function () { doSetHeights(true); });

                doSort(false);
                doSetHeights(false);

                $("div.scrollable").css({ 'overflow': 'auto' });
            });
        </script>

        <style type="text/css">
            body 
            {
                color: #000000;
                font-family: Arial,Liberation Sans,DejaVu Sans,sans-serif;
                line-height: 130%;
            }
            h1 {
                font-family: Trebuchet MS,Liberation Sans,DejaVu Sans,sans-serif;
                font-size: 170%;
                font-weight: bold;
            }            
            h2 {
                font-family: Trebuchet MS,Liberation Sans,DejaVu Sans,sans-serif;
                font-size: 130%;
                font-weight: bold;
                margin-bottom: 5px;
            }            
            h3 {
                font-family: Trebuchet MS,Liberation Sans,DejaVu Sans,sans-serif;
                font-size: 120%;
                font-weight: bold;
                margin-bottom: 5px;
            }            
            a.bar
            {
                text-decoration: none;
                display: block;
                line-height: 1px;
            }
            .description
            {
                font-style: italic;
            }
            .log 
            {
                width: 600px;
                white-space: pre-wrap;
                display: block;
                margin: 0px;
            }
            .errorMessage 
            {
                width: 600px;
                color: Red;
                font-weight: bold;
            }
            .stackTrace 
            {
                width: 600px;
                white-space: pre-wrap;
                font-style: italic;
                color: Red;
                display: block;
            }
            table.testEvents
            {
                border: solid 1px #e8eef4;
                border-collapse: collapse;
            }
            table.testEvents td
            {
                vertical-align: top;
                padding: 5px;
                border: solid 1px #e8eef4;
            }
            table.testEvents th
            {
                padding: 6px 5px;
                text-align: left;
                background-color: #e8eef4;
                border: solid 1px #e8eef4;                
            }
            .comment
            {
                font-style: italic;
                font-size: smaller;
            }
            .startupBar
            {
                background-color: #EEEEEE;
                cursor: default;
            }
            
            .colorSucceeded
            {
                background-color: #90ED7B;
            }
            .colorIgnored
            {
                background-color: #FFFF85;
            }
            .colorPending
            {
                background-color: #D47BED;
            }
            .colorNothingToRun
            {
                background-color: #CCCCFF;
            }
            .colorSkipped
            {
                background-color: #CCCCFF;
            }
            .colorInconclusive
            {
                background-color: #7BEDED;
            }
            .colorCleanupFailed
            {
                background-color: #FFCCCC;
            }
            .colorRandomlyFailed
            {
                background-color: #EDB07B;
            }
            .colorFailed
            {
                background-color: #ED5F5F;
            }
            .colorInitializationFailed
            {
                background-color: #FF0000;
            }
            .colorFrameworkError
            {
                background-color: #FF0000;
            }
            ul.subNodeLinks
            {
                padding-left: 20px;
                margin: 0px;
            }
            ul.subNodeLinks li
            {
                list-style: none;
            }
            
            /* views general */
            div.scrollable
            {
                /*overflow: auto; - thsi has to be set from js, because of an IE9 bug */
            }
            div.viewbox
            {
                position: relative;
                border: 3px solid #e8eef4;
            }
            div.viewbox table
            {
                border: 0px;
            }
                        
            /* testview */
            #testview
            {
                padding-top: 23px;
            }
            
            table.testview-items td
            {
                vertical-align: bottom;
                padding: 0px 1px 0px 1px;
            }
            td.right-padding, td.left-padding
            {
                width: 25px;
                min-width: 25px;
            }
            table.testview-items a.bar
            {
                width: 5px;
            }
            table.testview-items tr.testview-items-row
            {
                height: 60px;
            }
            
            /* scale */
            table.vertical-scale 
            {
                position: absolute;
                top: 23px;
                left: 0px;
                width: 100%;
                z-index: -100;
            }
            table.vertical-scale td, tr.horizontal-scale td
            {
                font-size: 60%;
                line-height: normal;
            }
            table.vertical-scale tr.scale-max, table.vertical-scale tr.scale-mid 
            {
                height: 30px;
            }
            tr.horizontal-scale, table.vertical-scale tr.scale-min 
            {
                height: 12px;
            }
            
            td.scale-max-label, td.scale-mid-label, td.scale-min-label
            {
                border-top: solid 1px #E6E6E6;
                text-align: left;
                vertical-align: top;
            }
            td.scale-10-label
            {
                border-left: solid 1px #E6E6E6;
                text-align: left;
                vertical-align: bottom;
                padding-left: 1px;
            }
            tr.scale-mid td, tr.scale-min td, tr.scale-max td
            {
                border-top: solid 1px #E6E6E6;
            }
           
            
            /* bar-control */
            #bar-control
            {
                font-size: 60%;
                line-height: normal;
                position: absolute;
                right: 0px;
                top: 0px;
            }
            #bar-control label
            {
                font-weight: bold;
                vertical-align: middle;
            }
            #bar-control .option
            {
                vertical-align: middle;
                text-transform: lowercase;
            }
            #bar-control input[type="checkbox"]
            {
                padding: 0 2px 0 3px;
            }
            #bar-control input
            {
                vertical-align: top;
                height: 12px;
                margin: 0px;
                padding: 0px;
            }
            #bar-control div
            {
                float: right;
                margin: 3px 5px 3px 5px;
            }
            
            
            /* timeline view */
            #timelineview
            {
                padding-top: 5px;
            }
            table.timelineview a
            {
                height: 20px;
            }
            table.timelineview td
            {
                vertical-align: bottom;
                padding: 0px 1px 0px 0px;
                border: 0px;
            }
            tr.thread-items-row
            {
                height: 25px;
            }
            tr.thread-items-row td
            {
                vertical-align: bottom;
            }
            td.thread-label
            {
                padding: 0px 6px 0px 6px;
                text-align: right;
                line-height: 18px;
                vertical-align: bottom;
            }
            th.thread-label
            {
                padding: 3px 6px 0px 6px;
                line-height: 18px;
                text-align: left;
                vertical-align: bottom;
            }
        </style>
	</head>
	<body>
        <h1>API_Tests Test Execution Report</h1>
        <ul>
            <li>Project: API_Tests</li>
            <li>Configuration: Default</li>
            <li>Test Assemblies: API_Tests.dll</li>
            <li>Start Time: 18/07/10 19:35:02</li>
            <li>Duration: 00:00:00.7861744</li>
            <li>Test Threads: 1</li>
        </ul>

        <h2>Result: 3 failed</h2>
        <table class="testEvents">
                <tr>
        <th colspan="2">Success rate</th>
        <th>Tests</th>
        <th>Succeeded</th>
        <th>Failed</th>
        <th>Pending</th>
        <th>Ignored</th>
        <th>Skipped</th>
    </tr>

                <tr>
            <td>
            0%
    </td>
    <td>
        <table class="timelineview" cellpadding="0" cellspacing="0">
            <tr>
                    <td>
                        <a class="bar colorFailed" 
                           style="width: 199px;" 
                           title="3 failed" 
                                                          href="#error_summary"
                        />
                    </td>
            </tr>
            
        </table>
    </td>
    <td>3 (test executions: 7)</td>
    <td>0</td>
    <td>3</td>
    <td>0</td>
    <td>0</td>
    <td>0</td>

    </tr>

        </table>
        
        <h2>Test Timeline Summary</h2>

        <div id="timelineview" class="viewbox">
            <div class="scrollable">
                <table cellpadding="0" cellspacing="0">
                    <tr>
                        <th class="thread-label" colspan="2">thread</th>
                    </tr>
                        <tr class="thread-items-row">
                            <td class="thread-label" title="Machine: DESKTOP-9NGIF4Q">#0</td>
                            <td colspan="1">
                                <table class="timelineview" cellpadding="0" cellspacing="0">
                                    <tr>

                                            <td>
        <a
            class="bar startupBar" 
            style="width: 5px;" 
                title="test thread startup" 
        >&nbsp;</a>
    </td>

    <td>
        <a
            class="bar colorFailed" 
            style="width: 39px;" 
                title="A new user is registered (in HomeController)" 
                href="#t-259457948.0"
        >&nbsp;</a>
    </td>
    <td>
        <a
            class="bar colorFailed" 
            style="width: 3px;" 
                title="A new user is registered (in HomeController) retry #1" 
                href="#t-259457948.1"
        >&nbsp;</a>
    </td>
    <td>
        <a
            class="bar colorFailed" 
            style="width: 3px;" 
                title="A new user is registered (in HomeController) retry #2" 
                href="#t-259457948.2"
        >&nbsp;</a>
    </td>
    <td>
        <a
            class="bar colorFailed" 
            style="width: 3px;" 
                title="Trying to register a user with null credentials (in HomeController)" 
                href="#t-768695282.0"
        >&nbsp;</a>
    </td>
    <td>
        <a
            class="bar colorFailed" 
            style="width: 3px;" 
                title="Trying to register a user with null credentials (in HomeController) retry #1" 
                href="#t-768695282.1"
        >&nbsp;</a>
    </td>
    <td>
        <a
            class="bar colorFailed" 
            style="width: 3px;" 
                title="Trying to register a user with null credentials (in HomeController) retry #2" 
                href="#t-768695282.2"
        >&nbsp;</a>
    </td>
    <td>
        <a
            class="bar colorFailed" 
            style="width: 3px;" 
                title="Trying to login with existing user (in HomeController)" 
                href="#t-1458898043.0"
        >&nbsp;</a>
    </td>
                                    </tr>
                                </table>
                            </td>
                        </tr>
                    <tr class="horizontal-scale">
                        <td>&nbsp;</td>
                        <td class="scale-10-label">0s</td>
                    </tr>
                </table>
            </div>
        </div>

        <h2>Test Result View</h2>
        <div id="testview" class="viewbox">
            <div id="bar-control">
                <div id="bar-control-sort">
                    <label>sort by:</label>
                    <span class="option"><input type="radio" name="barSortOrder" value="exectime" />Time</span>
                    <span class="option"><input type="radio" name="barSortOrder" value="acttime" />Act Time</span>
                    <span class="option"><input type="radio" name="barSortOrder" value="order" />Execution</span>
                    <span class="option"><input type="radio" name="barSortOrder" value="rescode" checked="checked" />Result</span>
                    <span class="option"><input type="checkbox" name="barSortDesc" id="barSortDesc" checked="checked" />desc</span>
                </div>
                <div id="bar-control-heights">
                    <label>heights:</label>
                    <span class="option"><input type="radio" checked="checked" name="barHeight" value="exectime" />Time</span>
                    <span class="option"><input type="radio" name="barHeight" value="acttime" />Act Time</span>
                    
                </div>
            </div>
            <table class="vertical-scale" cellpadding="0" cellspacing="0">
                <tr class="scale-max">
                    <td class="left-padding scale-max-label">&nbsp;</td>
                    <td colspan="7">&nbsp;</td>
                    <td class="right-padding">&nbsp;</td>
                </tr>
                <tr class="scale-mid">
                    <td class="left-padding scale-mid-label">&nbsp;</td>
                    <td colspan="7">&nbsp;</td>
                    <td class="right-padding">&nbsp;</td>
                </tr>
                <tr class="scale-min">
                    <td class="left-padding scale-min-label">&nbsp;</td>
                    <td colspan="7">&nbsp;</td>
                    <td class="right-padding">&nbsp;</td>
                </tr>
            </table>
            <div class="scrollable">
                <table class="testview-items" cellpadding="0" cellspacing="0">
                    <tr class="testview-items-row">
                        <td class="left-padding">&nbsp;</td>
    <td class="testview-item" 
        data-sr-exectime="0.5584793" data-sr-rescode="440" data-sr-order="0" data-sr-acttime="0.013">
        <a
            class="bar colorFailed" 
            style="height: 60px;"
            title="A new user is registered (in HomeController)"
            href="#t-259457948.0">&nbsp;</a>
    </td>
    <td class="testview-item" 
        data-sr-exectime="0.0025019" data-sr-rescode="440" data-sr-order="1" data-sr-acttime="0.001">
        <a
            class="bar colorFailed" 
            style="height: 2px;"
            title="A new user is registered (in HomeController) retry #1"
            href="#t-259457948.1">&nbsp;</a>
    </td>
    <td class="testview-item" 
        data-sr-exectime="0.0035044" data-sr-rescode="440" data-sr-order="2" data-sr-acttime="0.001">
        <a
            class="bar colorFailed" 
            style="height: 2px;"
            title="A new user is registered (in HomeController) retry #2"
            href="#t-259457948.2">&nbsp;</a>
    </td>
    <td class="testview-item" 
        data-sr-exectime="0.0050031" data-sr-rescode="440" data-sr-order="3" data-sr-acttime="0.003">
        <a
            class="bar colorFailed" 
            style="height: 2px;"
            title="Trying to register a user with null credentials (in HomeController)"
            href="#t-768695282.0">&nbsp;</a>
    </td>
    <td class="testview-item" 
        data-sr-exectime="0.0030029" data-sr-rescode="440" data-sr-order="4" data-sr-acttime="0.002">
        <a
            class="bar colorFailed" 
            style="height: 2px;"
            title="Trying to register a user with null credentials (in HomeController) retry #1"
            href="#t-768695282.1">&nbsp;</a>
    </td>
    <td class="testview-item" 
        data-sr-exectime="0.002502" data-sr-rescode="440" data-sr-order="5" data-sr-acttime="0.001">
        <a
            class="bar colorFailed" 
            style="height: 2px;"
            title="Trying to register a user with null credentials (in HomeController) retry #2"
            href="#t-768695282.2">&nbsp;</a>
    </td>
    <td class="testview-item" 
        data-sr-exectime="0.0070056" data-sr-rescode="440" data-sr-order="6" data-sr-acttime="0.003">
        <a
            class="bar colorFailed" 
            style="height: 2px;"
            title="Trying to login with existing user (in HomeController)"
            href="#t-1458898043.0">&nbsp;</a>
    </td>
                        <td class="right-padding">&nbsp;</td>
                    </tr>
                    <tr class="horizontal-scale">
                        <td class="left-padding">&nbsp;</td>
                        <td colspan="10">&nbsp;</td>
                    </tr>
                </table>
            </div>
        </div>

        <h2>Feature Summary</h2>
        <table class="testEvents">
                <tr>
            <th>Feature</th>
        <th colspan="2">Success rate</th>
        <th>Tests</th>
        <th>Succeeded</th>
        <th>Failed</th>
        <th>Pending</th>
        <th>Ignored</th>
        <th>Skipped</th>
            <th>Duration</th>
    </tr>

    <tr>
            <td><a href="#f1317670019">HomeController</a></td>
            <td>
            0%
    </td>
    <td>
        <table class="timelineview" cellpadding="0" cellspacing="0">
            <tr>
                    <td>
                        <a class="bar colorFailed" 
                           style="width: 199px;" 
                           title="3 failed" 
                                                          href="#error_summary"
                        />
                    </td>
            </tr>
            
        </table>
    </td>
    <td>3 (test executions: 7)</td>
    <td>0</td>
    <td>3</td>
    <td>0</td>
    <td>0</td>
    <td>0</td>
        <td>00:00:00.5819992</td>

    </tr>
        </table>

        <a name="error_summary" />
        <h2>Error Summary</h2>
        <table class="testEvents">
                <tr>
            <th>Test</th>
        <th colspan="2">Success rate</th>
        <th>Tests</th>
        <th>Succeeded</th>
        <th>Failed</th>
        <th>Pending</th>
        <th>Ignored</th>
        <th>Skipped</th>
    </tr>

                <tr>
                    <td>
                        <a href="#t-259457948.0">A new user is registered (in API_Tests, HomeController)</a>
                            <a href="#t-259457948.1">retry #1</a>
                            <a href="#t-259457948.2">retry #2</a>
                    </td>
                        <td>
            0%
    </td>
    <td>
        <table class="timelineview" cellpadding="0" cellspacing="0">
            <tr>
                    <td>
                        <a class="bar colorFailed" 
                           style="width: 199px;" 
                           title="1 failed" 
                                                          href="#error_summary"
                        />
                    </td>
            </tr>
            
        </table>
    </td>
    <td>1 (test executions: 3)</td>
    <td>0</td>
    <td>1</td>
    <td>0</td>
    <td>0</td>
    <td>0</td>

                </tr>
                <tr>
                    <td colspan="9" style="padding-left: 20px;"><div class="errorMessage">Error: Could not find a part of the path &#39;F:\GitHubRepositories\PC_Test\API_Tests\bin\DebugLogs\logs.txt&#39;.</div></td>
                </tr>
                <tr>
                    <td>
                        <a href="#t-768695282.0">Trying to register a user with null credentials (in API_Tests, HomeController)</a>
                            <a href="#t-768695282.1">retry #1</a>
                            <a href="#t-768695282.2">retry #2</a>
                    </td>
                        <td>
            0%
    </td>
    <td>
        <table class="timelineview" cellpadding="0" cellspacing="0">
            <tr>
                    <td>
                        <a class="bar colorFailed" 
                           style="width: 199px;" 
                           title="1 failed" 
                                                          href="#error_summary"
                        />
                    </td>
            </tr>
            
        </table>
    </td>
    <td>1 (test executions: 3)</td>
    <td>0</td>
    <td>1</td>
    <td>0</td>
    <td>0</td>
    <td>0</td>

                </tr>
                <tr>
                    <td colspan="9" style="padding-left: 20px;"><div class="errorMessage">Error: Could not find a part of the path &#39;F:\GitHubRepositories\PC_Test\API_Tests\bin\DebugLogs\logs.txt&#39;.</div></td>
                </tr>
                <tr>
                    <td>
                        <a href="#t-1458898043.0">Trying to login with existing user (in API_Tests, HomeController)</a>
                    </td>
                        <td>
            0%
    </td>
    <td>
        <table class="timelineview" cellpadding="0" cellspacing="0">
            <tr>
                    <td>
                        <a class="bar colorFailed" 
                           style="width: 199px;" 
                           title="1 failed" 
                                                          href="#error_summary"
                        />
                    </td>
            </tr>
            
        </table>
    </td>
    <td>1</td>
    <td>0</td>
    <td>1</td>
    <td>0</td>
    <td>0</td>
    <td>0</td>

                </tr>
                <tr>
                    <td colspan="9" style="padding-left: 20px;"><div class="errorMessage">Error: Could not find a part of the path &#39;F:\GitHubRepositories\PC_Test\API_Tests\bin\DebugLogs\logs.txt&#39;.</div></td>
                </tr>
        </table>

        <h2>Scenario Summary</h2>
            <a name="f1317670019" />
            <h3>Feature: HomeController</h3>
                <div class="description"><pre>	In order to avoid silly mistakes
	As a math idiot
	I want to be told the sum of two numbers</pre>
                </div>
            <table class="testEvents">
                    <tr>
            <th>Test</th>
        <th colspan="2">Success rate</th>
        <th>Tests</th>
        <th>Succeeded</th>
        <th>Failed</th>
        <th>Pending</th>
        <th>Ignored</th>
        <th>Skipped</th>
            <th>Duration</th>
    </tr>

                    <tr>
                        <td>
                                    <a href="#t-259457948.0">Scenario: A new user is registered</a>
            <a href="#t-259457948.1">retry #1</a>
            <a href="#t-259457948.2">retry #2</a>

                        </td>
                        
                            <td>
            0%
    </td>
    <td>
        <table class="timelineview" cellpadding="0" cellspacing="0">
            <tr>
                    <td>
                        <a class="bar colorFailed" 
                           style="width: 199px;" 
                           title="1 failed" 
                                                          href="#error_summary"
                        />
                    </td>
            </tr>
            
        </table>
    </td>
    <td>1 (test executions: 3)</td>
    <td>0</td>
    <td>1</td>
    <td>0</td>
    <td>0</td>
    <td>0</td>
        <td>00:00:00.5644856</td>

                        
                    </tr>
                    <tr>
                        <td>
                                    <a href="#t-768695282.0">Scenario: Trying to register a user with null credentials</a>
            <a href="#t-768695282.1">retry #1</a>
            <a href="#t-768695282.2">retry #2</a>

                        </td>
                        
                            <td>
            0%
    </td>
    <td>
        <table class="timelineview" cellpadding="0" cellspacing="0">
            <tr>
                    <td>
                        <a class="bar colorFailed" 
                           style="width: 199px;" 
                           title="1 failed" 
                                                          href="#error_summary"
                        />
                    </td>
            </tr>
            
        </table>
    </td>
    <td>1 (test executions: 3)</td>
    <td>0</td>
    <td>1</td>
    <td>0</td>
    <td>0</td>
    <td>0</td>
        <td>00:00:00.0105080</td>

                        
                    </tr>
                    <tr>
                        <td>
                                    <a href="#t-1458898043.0">Scenario: Trying to login with existing user</a>

                        </td>
                        
                            <td>
            0%
    </td>
    <td>
        <table class="timelineview" cellpadding="0" cellspacing="0">
            <tr>
                    <td>
                        <a class="bar colorFailed" 
                           style="width: 199px;" 
                           title="1 failed" 
                                                          href="#error_summary"
                        />
                    </td>
            </tr>
            
        </table>
    </td>
    <td>1</td>
    <td>0</td>
    <td>1</td>
    <td>0</td>
    <td>0</td>
    <td>0</td>
        <td>00:00:00.0070056</td>

                        
                    </tr>
            </table>

        <h2>Execution Details</h2>
            <a name="t-259457948.0" />
            <h3>Scenario: A new user is registered (in API_Tests, HomeController)</h3>
            <ul>
                <li>Status: Failed</li>
                <li>Start time: 18/07/10 19:35:03</li>
                <li>Execution time (sec): 0.5584793</li>
                <li>Thread: #0</li>
                <li>Error: Could not find a part of the path &#39;F:\GitHubRepositories\PC_Test\API_Tests\bin\DebugLogs\logs.txt&#39;.</li>
            </ul>
            <table class="testEvents">
                <tr>
                    <th>Steps</th>
                    <th>Trace</th>
                    <th>Result</th>
                </tr>
                    <tr>
                        <td>
                            <pre class="log"></pre>
                        </td>
                        <td>
                            <!-- [Initialization: Feature - HomeController] -->
                            <pre class="log">-&gt; Using app.config</pre>
                        </td>
                        <td>Succeeded in 0.323s</td>
                    </tr>
                    <tr>
                        <td>
                            <pre class="log">Given I have a new user with an email:&#39;test@gmail.com&#39; and password:&#39;0000&#39; ready for registration</pre>
                        </td>
                        <td>
                            <!-- [TestArrange: Scenario - A new user is registered] -->
                            <pre class="log">done: HomeControllerSteps.GivenIHaveANewUserWithAnEmailAndPasswordReadyForRegistration(&quot;&#39;test@gmail.com&#39;&quot;, &quot;&#39;0000&#39;&quot;) (0.1s)</pre>
                        </td>
                        <td>Succeeded in 0.177s</td>
                    </tr>
                    <tr>
                        <td>
                            <pre class="log">When I post a registration request for the new user</pre>
                        </td>
                        <td>
                            <!-- [TestAct: Scenario - A new user is registered] -->
                            <pre class="log">error: Could not find a part of the path &#39;F:\GitHubRepositories\PC_Test\API_Tests\bin\DebugLogs\logs.txt&#39;.</pre>
                                <div class="errorMessage">Could not find a part of the path &#39;F:\GitHubRepositories\PC_Test\API_Tests\bin\DebugLogs\logs.txt&#39;.</div>
                                <pre class="stackTrace">System.IO.DirectoryNotFoundException: Could not find a part of the path &#39;F:\GitHubRepositories\PC_Test\API_Tests\bin\DebugLogs\logs.txt&#39;.
   at System.IO.__Error.WinIOError(Int32 errorCode, String maybeFullPath)
   at System.IO.FileStream.Init(String path, FileMode mode, FileAccess access, Int32 rights, Boolean useRights, FileShare share, Int32 bufferSize, FileOptions options, SECURITY_ATTRIBUTES secAttrs, String msgPath, Boolean bFromProxy, Boolean useLongPath, Boolean checkHost)
   at System.IO.FileStream..ctor(String path, FileMode mode, FileAccess access, FileShare share, Int32 bufferSize, FileOptions options, String msgPath, Boolean bFromProxy, Boolean useLongPath, Boolean checkHost)
   at System.IO.StreamWriter.CreateFile(String path, Boolean append, Boolean checkHost)
   at System.IO.StreamWriter..ctor(String path, Boolean append, Encoding encoding, Int32 bufferSize, Boolean checkHost)
   at System.IO.StreamWriter..ctor(String path, Boolean append)
   at System.IO.File.AppendText(String path)
   at API.Logger.Log(String msg) in F:\GitHubRepositories\PC_Test\API\Logger.cs:line 21
   at API.Controllers.HomeController.Register(User user) in F:\GitHubRepositories\PC_Test\API\Controllers\HomeController.cs:line 25
   at DataAccess.tests.steps.HomeControllerSteps.WhenIPostTheUser() in F:\GitHubRepositories\PC_Test\API_Tests\steps\HomeControllerSteps.cs:line 45
   at lambda_method(Closure , IContextManager )
   at TechTalk.SpecFlow.Bindings.BindingInvoker.InvokeBinding(IBinding binding, IContextManager contextManager, Object[] arguments, ITestTracer testTracer, TimeSpan&amp; duration)
   at TechTalk.SpecFlow.Infrastructure.TestExecutionEngine.ExecuteStepMatch(BindingMatch match, Object[] arguments)
   at TechTalk.SpecRun.SpecFlowPlugin.Runtime.RunnerTestExecutionEngine.ExecuteStepMatch(BindingMatch match, Object[] arguments)
   at TechTalk.SpecFlow.Infrastructure.TestExecutionEngine.ExecuteStep(IContextManager contextManager, StepInstance stepInstance)
   at TechTalk.SpecFlow.Infrastructure.TestExecutionEngine.OnAfterLastStep()
   at TechTalk.SpecFlow.TestRunner.CollectScenarioErrors()
   at API_Tests.Features.HomeControllerFeature.ScenarioCleanup()
   at API_Tests.Features.HomeControllerFeature.ANewUserIsRegistered() in F:\GitHubRepositories\PC_Test\API_Tests\features\HomeController.feature:line 9
   at TechTalk.SpecRun.Framework.TaskExecutors.StaticOrInstanceMethodExecutor.ExecuteInternal(ITestThreadExecutionContext testThreadExecutionContext)
   at TechTalk.SpecRun.Framework.TaskExecutors.StaticOrInstanceMethodExecutor.Execute(ITestThreadExecutionContext testThreadExecutionContext)
   at TechTalk.SpecRun.Framework.TestAssemblyExecutor.ExecuteTestNodeTask(TestNode testNode, ITaskExecutor task, TraceEventType eventType)</pre>
                        </td>
                        <td>Failed in 0.013s</td>
                    </tr>
                    <tr>
                        <td>
                            <pre class="log">Then A new user is created</pre>
                        </td>
                        <td>
                            <!-- [TestAssert: Scenario - A new user is registered] -->
                            <pre class="log">skipped because of previous errors</pre>
                        </td>
                        <td>Skipped in 0.008s</td>
                    </tr>
            </table>
            <a name="t-259457948.1" />
            <h3>Scenario: A new user is registered (in API_Tests, HomeController) retry #1</h3>
            <ul>
                <li>Status: Failed</li>
                <li>Start time: 18/07/10 19:35:03</li>
                <li>Execution time (sec): 0.0025019</li>
                <li>Thread: #0</li>
                <li>Error: Could not find a part of the path &#39;F:\GitHubRepositories\PC_Test\API_Tests\bin\DebugLogs\logs.txt&#39;.</li>
            </ul>
            <table class="testEvents">
                <tr>
                    <th>Steps</th>
                    <th>Trace</th>
                    <th>Result</th>
                </tr>
                    <tr>
                        <td>
                            <pre class="log">Given I have a new user with an email:&#39;test@gmail.com&#39; and password:&#39;0000&#39; ready for registration</pre>
                        </td>
                        <td>
                            <!-- [TestArrange: Scenario - A new user is registered] -->
                            <pre class="log">done: HomeControllerSteps.GivenIHaveANewUserWithAnEmailAndPasswordReadyForRegistration(&quot;&#39;test@gmail.com&#39;&quot;, &quot;&#39;0000&#39;&quot;) (0.0s)</pre>
                        </td>
                        <td>Succeeded in 0s</td>
                    </tr>
                    <tr>
                        <td>
                            <pre class="log">When I post a registration request for the new user</pre>
                        </td>
                        <td>
                            <!-- [TestAct: Scenario - A new user is registered] -->
                            <pre class="log">error: Could not find a part of the path &#39;F:\GitHubRepositories\PC_Test\API_Tests\bin\DebugLogs\logs.txt&#39;.</pre>
                                <div class="errorMessage">Could not find a part of the path &#39;F:\GitHubRepositories\PC_Test\API_Tests\bin\DebugLogs\logs.txt&#39;.</div>
                                <pre class="stackTrace">System.IO.DirectoryNotFoundException: Could not find a part of the path &#39;F:\GitHubRepositories\PC_Test\API_Tests\bin\DebugLogs\logs.txt&#39;.
   at System.IO.__Error.WinIOError(Int32 errorCode, String maybeFullPath)
   at System.IO.FileStream.Init(String path, FileMode mode, FileAccess access, Int32 rights, Boolean useRights, FileShare share, Int32 bufferSize, FileOptions options, SECURITY_ATTRIBUTES secAttrs, String msgPath, Boolean bFromProxy, Boolean useLongPath, Boolean checkHost)
   at System.IO.FileStream..ctor(String path, FileMode mode, FileAccess access, FileShare share, Int32 bufferSize, FileOptions options, String msgPath, Boolean bFromProxy, Boolean useLongPath, Boolean checkHost)
   at System.IO.StreamWriter.CreateFile(String path, Boolean append, Boolean checkHost)
   at System.IO.StreamWriter..ctor(String path, Boolean append, Encoding encoding, Int32 bufferSize, Boolean checkHost)
   at System.IO.StreamWriter..ctor(String path, Boolean append)
   at System.IO.File.AppendText(String path)
   at API.Logger.Log(String msg) in F:\GitHubRepositories\PC_Test\API\Logger.cs:line 21
   at API.Controllers.HomeController.Register(User user) in F:\GitHubRepositories\PC_Test\API\Controllers\HomeController.cs:line 25
   at DataAccess.tests.steps.HomeControllerSteps.WhenIPostTheUser() in F:\GitHubRepositories\PC_Test\API_Tests\steps\HomeControllerSteps.cs:line 45
   at lambda_method(Closure , IContextManager )
   at TechTalk.SpecFlow.Bindings.BindingInvoker.InvokeBinding(IBinding binding, IContextManager contextManager, Object[] arguments, ITestTracer testTracer, TimeSpan&amp; duration)
   at TechTalk.SpecFlow.Infrastructure.TestExecutionEngine.ExecuteStepMatch(BindingMatch match, Object[] arguments)
   at TechTalk.SpecRun.SpecFlowPlugin.Runtime.RunnerTestExecutionEngine.ExecuteStepMatch(BindingMatch match, Object[] arguments)
   at TechTalk.SpecFlow.Infrastructure.TestExecutionEngine.ExecuteStep(IContextManager contextManager, StepInstance stepInstance)
   at TechTalk.SpecFlow.Infrastructure.TestExecutionEngine.OnAfterLastStep()
   at TechTalk.SpecFlow.TestRunner.CollectScenarioErrors()
   at API_Tests.Features.HomeControllerFeature.ScenarioCleanup()
   at API_Tests.Features.HomeControllerFeature.ANewUserIsRegistered() in F:\GitHubRepositories\PC_Test\API_Tests\features\HomeController.feature:line 9
   at TechTalk.SpecRun.Framework.TaskExecutors.StaticOrInstanceMethodExecutor.ExecuteInternal(ITestThreadExecutionContext testThreadExecutionContext)
   at TechTalk.SpecRun.Framework.TaskExecutors.StaticOrInstanceMethodExecutor.Execute(ITestThreadExecutionContext testThreadExecutionContext)
   at TechTalk.SpecRun.Framework.TestAssemblyExecutor.ExecuteTestNodeTask(TestNode testNode, ITaskExecutor task, TraceEventType eventType)</pre>
                        </td>
                        <td>Failed in 0.001s</td>
                    </tr>
                    <tr>
                        <td>
                            <pre class="log">Then A new user is created</pre>
                        </td>
                        <td>
                            <!-- [TestAssert: Scenario - A new user is registered] -->
                            <pre class="log">skipped because of previous errors</pre>
                        </td>
                        <td>Skipped in 0.001s</td>
                    </tr>
            </table>
            <a name="t-259457948.2" />
            <h3>Scenario: A new user is registered (in API_Tests, HomeController) retry #2</h3>
            <ul>
                <li>Status: Failed</li>
                <li>Start time: 18/07/10 19:35:03</li>
                <li>Execution time (sec): 0.0035044</li>
                <li>Thread: #0</li>
                <li>Error: Could not find a part of the path &#39;F:\GitHubRepositories\PC_Test\API_Tests\bin\DebugLogs\logs.txt&#39;.</li>
            </ul>
            <table class="testEvents">
                <tr>
                    <th>Steps</th>
                    <th>Trace</th>
                    <th>Result</th>
                </tr>
                    <tr>
                        <td>
                            <pre class="log">Given I have a new user with an email:&#39;test@gmail.com&#39; and password:&#39;0000&#39; ready for registration</pre>
                        </td>
                        <td>
                            <!-- [TestArrange: Scenario - A new user is registered] -->
                            <pre class="log">done: HomeControllerSteps.GivenIHaveANewUserWithAnEmailAndPasswordReadyForRegistration(&quot;&#39;test@gmail.com&#39;&quot;, &quot;&#39;0000&#39;&quot;) (0.0s)</pre>
                        </td>
                        <td>Succeeded in 0.001s</td>
                    </tr>
                    <tr>
                        <td>
                            <pre class="log">When I post a registration request for the new user</pre>
                        </td>
                        <td>
                            <!-- [TestAct: Scenario - A new user is registered] -->
                            <pre class="log">error: Could not find a part of the path &#39;F:\GitHubRepositories\PC_Test\API_Tests\bin\DebugLogs\logs.txt&#39;.</pre>
                                <div class="errorMessage">Could not find a part of the path &#39;F:\GitHubRepositories\PC_Test\API_Tests\bin\DebugLogs\logs.txt&#39;.</div>
                                <pre class="stackTrace">System.IO.DirectoryNotFoundException: Could not find a part of the path &#39;F:\GitHubRepositories\PC_Test\API_Tests\bin\DebugLogs\logs.txt&#39;.
   at System.IO.__Error.WinIOError(Int32 errorCode, String maybeFullPath)
   at System.IO.FileStream.Init(String path, FileMode mode, FileAccess access, Int32 rights, Boolean useRights, FileShare share, Int32 bufferSize, FileOptions options, SECURITY_ATTRIBUTES secAttrs, String msgPath, Boolean bFromProxy, Boolean useLongPath, Boolean checkHost)
   at System.IO.FileStream..ctor(String path, FileMode mode, FileAccess access, FileShare share, Int32 bufferSize, FileOptions options, String msgPath, Boolean bFromProxy, Boolean useLongPath, Boolean checkHost)
   at System.IO.StreamWriter.CreateFile(String path, Boolean append, Boolean checkHost)
   at System.IO.StreamWriter..ctor(String path, Boolean append, Encoding encoding, Int32 bufferSize, Boolean checkHost)
   at System.IO.StreamWriter..ctor(String path, Boolean append)
   at System.IO.File.AppendText(String path)
   at API.Logger.Log(String msg) in F:\GitHubRepositories\PC_Test\API\Logger.cs:line 21
   at API.Controllers.HomeController.Register(User user) in F:\GitHubRepositories\PC_Test\API\Controllers\HomeController.cs:line 25
   at DataAccess.tests.steps.HomeControllerSteps.WhenIPostTheUser() in F:\GitHubRepositories\PC_Test\API_Tests\steps\HomeControllerSteps.cs:line 45
   at lambda_method(Closure , IContextManager )
   at TechTalk.SpecFlow.Bindings.BindingInvoker.InvokeBinding(IBinding binding, IContextManager contextManager, Object[] arguments, ITestTracer testTracer, TimeSpan&amp; duration)
   at TechTalk.SpecFlow.Infrastructure.TestExecutionEngine.ExecuteStepMatch(BindingMatch match, Object[] arguments)
   at TechTalk.SpecRun.SpecFlowPlugin.Runtime.RunnerTestExecutionEngine.ExecuteStepMatch(BindingMatch match, Object[] arguments)
   at TechTalk.SpecFlow.Infrastructure.TestExecutionEngine.ExecuteStep(IContextManager contextManager, StepInstance stepInstance)
   at TechTalk.SpecFlow.Infrastructure.TestExecutionEngine.OnAfterLastStep()
   at TechTalk.SpecFlow.TestRunner.CollectScenarioErrors()
   at API_Tests.Features.HomeControllerFeature.ScenarioCleanup()
   at API_Tests.Features.HomeControllerFeature.ANewUserIsRegistered() in F:\GitHubRepositories\PC_Test\API_Tests\features\HomeController.feature:line 9
   at TechTalk.SpecRun.Framework.TaskExecutors.StaticOrInstanceMethodExecutor.ExecuteInternal(ITestThreadExecutionContext testThreadExecutionContext)
   at TechTalk.SpecRun.Framework.TaskExecutors.StaticOrInstanceMethodExecutor.Execute(ITestThreadExecutionContext testThreadExecutionContext)
   at TechTalk.SpecRun.Framework.TestAssemblyExecutor.ExecuteTestNodeTask(TestNode testNode, ITaskExecutor task, TraceEventType eventType)</pre>
                        </td>
                        <td>Failed in 0.001s</td>
                    </tr>
                    <tr>
                        <td>
                            <pre class="log">Then A new user is created</pre>
                        </td>
                        <td>
                            <!-- [TestAssert: Scenario - A new user is registered] -->
                            <pre class="log">skipped because of previous errors</pre>
                        </td>
                        <td>Skipped in 0.001s</td>
                    </tr>
            </table>
            <a name="t-768695282.0" />
            <h3>Scenario: Trying to register a user with null credentials (in API_Tests, HomeController)</h3>
            <ul>
                <li>Status: Failed</li>
                <li>Start time: 18/07/10 19:35:03</li>
                <li>Execution time (sec): 0.0050031</li>
                <li>Thread: #0</li>
                <li>Error: Could not find a part of the path &#39;F:\GitHubRepositories\PC_Test\API_Tests\bin\DebugLogs\logs.txt&#39;.</li>
            </ul>
            <table class="testEvents">
                <tr>
                    <th>Steps</th>
                    <th>Trace</th>
                    <th>Result</th>
                </tr>
                    <tr>
                        <td>
                            <pre class="log">Given I have a new user with an email:&#39;&#39; and password:&#39;0000&#39; ready for registration</pre>
                        </td>
                        <td>
                            <!-- [TestArrange: Scenario - Trying to register a user with null credentials] -->
                            <pre class="log">done: HomeControllerSteps.GivenIHaveANewUserWithAnEmailAndPasswordReadyForRegistration(&quot;&#39;&#39;&quot;, &quot;&#39;0000&#39;&quot;) (0.0s)</pre>
                        </td>
                        <td>Succeeded in 0s</td>
                    </tr>
                    <tr>
                        <td>
                            <pre class="log">When I post a registration request for the new user an exception is thrown</pre>
                        </td>
                        <td>
                            <!-- [TestAct: Scenario - Trying to register a user with null credentials] -->
                            <pre class="log">error: Could not find a part of the path &#39;F:\GitHubRepositories\PC_Test\API_Tests\bin\DebugLogs\logs.txt&#39;.</pre>
                                <div class="errorMessage">Could not find a part of the path &#39;F:\GitHubRepositories\PC_Test\API_Tests\bin\DebugLogs\logs.txt&#39;.</div>
                                <pre class="stackTrace">System.IO.DirectoryNotFoundException: Could not find a part of the path &#39;F:\GitHubRepositories\PC_Test\API_Tests\bin\DebugLogs\logs.txt&#39;.
   at System.IO.__Error.WinIOError(Int32 errorCode, String maybeFullPath)
   at System.IO.FileStream.Init(String path, FileMode mode, FileAccess access, Int32 rights, Boolean useRights, FileShare share, Int32 bufferSize, FileOptions options, SECURITY_ATTRIBUTES secAttrs, String msgPath, Boolean bFromProxy, Boolean useLongPath, Boolean checkHost)
   at System.IO.FileStream..ctor(String path, FileMode mode, FileAccess access, FileShare share, Int32 bufferSize, FileOptions options, String msgPath, Boolean bFromProxy, Boolean useLongPath, Boolean checkHost)
   at System.IO.StreamWriter.CreateFile(String path, Boolean append, Boolean checkHost)
   at System.IO.StreamWriter..ctor(String path, Boolean append, Encoding encoding, Int32 bufferSize, Boolean checkHost)
   at System.IO.StreamWriter..ctor(String path, Boolean append)
   at System.IO.File.AppendText(String path)
   at API.Logger.Log(String msg) in F:\GitHubRepositories\PC_Test\API\Logger.cs:line 21
   at API.Controllers.HomeController.Register(User user) in F:\GitHubRepositories\PC_Test\API\Controllers\HomeController.cs:line 25
   at DataAccess.tests.steps.HomeControllerSteps.ThenAnExceptionIsThrown() in F:\GitHubRepositories\PC_Test\API_Tests\steps\HomeControllerSteps.cs:line 68
   at lambda_method(Closure , IContextManager )
   at TechTalk.SpecFlow.Bindings.BindingInvoker.InvokeBinding(IBinding binding, IContextManager contextManager, Object[] arguments, ITestTracer testTracer, TimeSpan&amp; duration)
   at TechTalk.SpecFlow.Infrastructure.TestExecutionEngine.ExecuteStepMatch(BindingMatch match, Object[] arguments)
   at TechTalk.SpecRun.SpecFlowPlugin.Runtime.RunnerTestExecutionEngine.ExecuteStepMatch(BindingMatch match, Object[] arguments)
   at TechTalk.SpecFlow.Infrastructure.TestExecutionEngine.ExecuteStep(IContextManager contextManager, StepInstance stepInstance)
   at TechTalk.SpecFlow.Infrastructure.TestExecutionEngine.OnAfterLastStep()
   at TechTalk.SpecFlow.TestRunner.CollectScenarioErrors()
   at API_Tests.Features.HomeControllerFeature.ScenarioCleanup()
   at API_Tests.Features.HomeControllerFeature.TryingToRegisterAUserWithNullCredentials() in F:\GitHubRepositories\PC_Test\API_Tests\features\HomeController.feature:line 14
   at TechTalk.SpecRun.Framework.TaskExecutors.StaticOrInstanceMethodExecutor.ExecuteInternal(ITestThreadExecutionContext testThreadExecutionContext)
   at TechTalk.SpecRun.Framework.TaskExecutors.StaticOrInstanceMethodExecutor.Execute(ITestThreadExecutionContext testThreadExecutionContext)
   at TechTalk.SpecRun.Framework.TestAssemblyExecutor.ExecuteTestNodeTask(TestNode testNode, ITaskExecutor task, TraceEventType eventType)</pre>
                        </td>
                        <td>Failed in 0.003s</td>
                    </tr>
                    <tr>
                        <td>
                            <pre class="log">Then User is not registerd</pre>
                        </td>
                        <td>
                            <!-- [TestAssert: Scenario - Trying to register a user with null credentials] -->
                            <pre class="log">skipped because of previous errors</pre>
                        </td>
                        <td>Skipped in 0.001s</td>
                    </tr>
            </table>
            <a name="t-768695282.1" />
            <h3>Scenario: Trying to register a user with null credentials (in API_Tests, HomeController) retry #1</h3>
            <ul>
                <li>Status: Failed</li>
                <li>Start time: 18/07/10 19:35:03</li>
                <li>Execution time (sec): 0.0030029</li>
                <li>Thread: #0</li>
                <li>Error: Could not find a part of the path &#39;F:\GitHubRepositories\PC_Test\API_Tests\bin\DebugLogs\logs.txt&#39;.</li>
            </ul>
            <table class="testEvents">
                <tr>
                    <th>Steps</th>
                    <th>Trace</th>
                    <th>Result</th>
                </tr>
                    <tr>
                        <td>
                            <pre class="log">Given I have a new user with an email:&#39;&#39; and password:&#39;0000&#39; ready for registration</pre>
                        </td>
                        <td>
                            <!-- [TestArrange: Scenario - Trying to register a user with null credentials] -->
                            <pre class="log">done: HomeControllerSteps.GivenIHaveANewUserWithAnEmailAndPasswordReadyForRegistration(&quot;&#39;&#39;&quot;, &quot;&#39;0000&#39;&quot;) (0.0s)</pre>
                        </td>
                        <td>Succeeded in 0s</td>
                    </tr>
                    <tr>
                        <td>
                            <pre class="log">When I post a registration request for the new user an exception is thrown</pre>
                        </td>
                        <td>
                            <!-- [TestAct: Scenario - Trying to register a user with null credentials] -->
                            <pre class="log">error: Could not find a part of the path &#39;F:\GitHubRepositories\PC_Test\API_Tests\bin\DebugLogs\logs.txt&#39;.</pre>
                                <div class="errorMessage">Could not find a part of the path &#39;F:\GitHubRepositories\PC_Test\API_Tests\bin\DebugLogs\logs.txt&#39;.</div>
                                <pre class="stackTrace">System.IO.DirectoryNotFoundException: Could not find a part of the path &#39;F:\GitHubRepositories\PC_Test\API_Tests\bin\DebugLogs\logs.txt&#39;.
   at System.IO.__Error.WinIOError(Int32 errorCode, String maybeFullPath)
   at System.IO.FileStream.Init(String path, FileMode mode, FileAccess access, Int32 rights, Boolean useRights, FileShare share, Int32 bufferSize, FileOptions options, SECURITY_ATTRIBUTES secAttrs, String msgPath, Boolean bFromProxy, Boolean useLongPath, Boolean checkHost)
   at System.IO.FileStream..ctor(String path, FileMode mode, FileAccess access, FileShare share, Int32 bufferSize, FileOptions options, String msgPath, Boolean bFromProxy, Boolean useLongPath, Boolean checkHost)
   at System.IO.StreamWriter.CreateFile(String path, Boolean append, Boolean checkHost)
   at System.IO.StreamWriter..ctor(String path, Boolean append, Encoding encoding, Int32 bufferSize, Boolean checkHost)
   at System.IO.StreamWriter..ctor(String path, Boolean append)
   at System.IO.File.AppendText(String path)
   at API.Logger.Log(String msg) in F:\GitHubRepositories\PC_Test\API\Logger.cs:line 21
   at API.Controllers.HomeController.Register(User user) in F:\GitHubRepositories\PC_Test\API\Controllers\HomeController.cs:line 25
   at DataAccess.tests.steps.HomeControllerSteps.ThenAnExceptionIsThrown() in F:\GitHubRepositories\PC_Test\API_Tests\steps\HomeControllerSteps.cs:line 68
   at lambda_method(Closure , IContextManager )
   at TechTalk.SpecFlow.Bindings.BindingInvoker.InvokeBinding(IBinding binding, IContextManager contextManager, Object[] arguments, ITestTracer testTracer, TimeSpan&amp; duration)
   at TechTalk.SpecFlow.Infrastructure.TestExecutionEngine.ExecuteStepMatch(BindingMatch match, Object[] arguments)
   at TechTalk.SpecRun.SpecFlowPlugin.Runtime.RunnerTestExecutionEngine.ExecuteStepMatch(BindingMatch match, Object[] arguments)
   at TechTalk.SpecFlow.Infrastructure.TestExecutionEngine.ExecuteStep(IContextManager contextManager, StepInstance stepInstance)
   at TechTalk.SpecFlow.Infrastructure.TestExecutionEngine.OnAfterLastStep()
   at TechTalk.SpecFlow.TestRunner.CollectScenarioErrors()
   at API_Tests.Features.HomeControllerFeature.ScenarioCleanup()
   at API_Tests.Features.HomeControllerFeature.TryingToRegisterAUserWithNullCredentials() in F:\GitHubRepositories\PC_Test\API_Tests\features\HomeController.feature:line 14
   at TechTalk.SpecRun.Framework.TaskExecutors.StaticOrInstanceMethodExecutor.ExecuteInternal(ITestThreadExecutionContext testThreadExecutionContext)
   at TechTalk.SpecRun.Framework.TaskExecutors.StaticOrInstanceMethodExecutor.Execute(ITestThreadExecutionContext testThreadExecutionContext)
   at TechTalk.SpecRun.Framework.TestAssemblyExecutor.ExecuteTestNodeTask(TestNode testNode, ITaskExecutor task, TraceEventType eventType)</pre>
                        </td>
                        <td>Failed in 0.002s</td>
                    </tr>
                    <tr>
                        <td>
                            <pre class="log">Then User is not registerd</pre>
                        </td>
                        <td>
                            <!-- [TestAssert: Scenario - Trying to register a user with null credentials] -->
                            <pre class="log">skipped because of previous errors</pre>
                        </td>
                        <td>Skipped in 0.001s</td>
                    </tr>
            </table>
            <a name="t-768695282.2" />
            <h3>Scenario: Trying to register a user with null credentials (in API_Tests, HomeController) retry #2</h3>
            <ul>
                <li>Status: Failed</li>
                <li>Start time: 18/07/10 19:35:03</li>
                <li>Execution time (sec): 0.002502</li>
                <li>Thread: #0</li>
                <li>Error: Could not find a part of the path &#39;F:\GitHubRepositories\PC_Test\API_Tests\bin\DebugLogs\logs.txt&#39;.</li>
            </ul>
            <table class="testEvents">
                <tr>
                    <th>Steps</th>
                    <th>Trace</th>
                    <th>Result</th>
                </tr>
                    <tr>
                        <td>
                            <pre class="log">Given I have a new user with an email:&#39;&#39; and password:&#39;0000&#39; ready for registration</pre>
                        </td>
                        <td>
                            <!-- [TestArrange: Scenario - Trying to register a user with null credentials] -->
                            <pre class="log">done: HomeControllerSteps.GivenIHaveANewUserWithAnEmailAndPasswordReadyForRegistration(&quot;&#39;&#39;&quot;, &quot;&#39;0000&#39;&quot;) (0.0s)</pre>
                        </td>
                        <td>Succeeded in 0s</td>
                    </tr>
                    <tr>
                        <td>
                            <pre class="log">When I post a registration request for the new user an exception is thrown</pre>
                        </td>
                        <td>
                            <!-- [TestAct: Scenario - Trying to register a user with null credentials] -->
                            <pre class="log">error: Could not find a part of the path &#39;F:\GitHubRepositories\PC_Test\API_Tests\bin\DebugLogs\logs.txt&#39;.</pre>
                                <div class="errorMessage">Could not find a part of the path &#39;F:\GitHubRepositories\PC_Test\API_Tests\bin\DebugLogs\logs.txt&#39;.</div>
                                <pre class="stackTrace">System.IO.DirectoryNotFoundException: Could not find a part of the path &#39;F:\GitHubRepositories\PC_Test\API_Tests\bin\DebugLogs\logs.txt&#39;.
   at System.IO.__Error.WinIOError(Int32 errorCode, String maybeFullPath)
   at System.IO.FileStream.Init(String path, FileMode mode, FileAccess access, Int32 rights, Boolean useRights, FileShare share, Int32 bufferSize, FileOptions options, SECURITY_ATTRIBUTES secAttrs, String msgPath, Boolean bFromProxy, Boolean useLongPath, Boolean checkHost)
   at System.IO.FileStream..ctor(String path, FileMode mode, FileAccess access, FileShare share, Int32 bufferSize, FileOptions options, String msgPath, Boolean bFromProxy, Boolean useLongPath, Boolean checkHost)
   at System.IO.StreamWriter.CreateFile(String path, Boolean append, Boolean checkHost)
   at System.IO.StreamWriter..ctor(String path, Boolean append, Encoding encoding, Int32 bufferSize, Boolean checkHost)
   at System.IO.StreamWriter..ctor(String path, Boolean append)
   at System.IO.File.AppendText(String path)
   at API.Logger.Log(String msg) in F:\GitHubRepositories\PC_Test\API\Logger.cs:line 21
   at API.Controllers.HomeController.Register(User user) in F:\GitHubRepositories\PC_Test\API\Controllers\HomeController.cs:line 25
   at DataAccess.tests.steps.HomeControllerSteps.ThenAnExceptionIsThrown() in F:\GitHubRepositories\PC_Test\API_Tests\steps\HomeControllerSteps.cs:line 68
   at lambda_method(Closure , IContextManager )
   at TechTalk.SpecFlow.Bindings.BindingInvoker.InvokeBinding(IBinding binding, IContextManager contextManager, Object[] arguments, ITestTracer testTracer, TimeSpan&amp; duration)
   at TechTalk.SpecFlow.Infrastructure.TestExecutionEngine.ExecuteStepMatch(BindingMatch match, Object[] arguments)
   at TechTalk.SpecRun.SpecFlowPlugin.Runtime.RunnerTestExecutionEngine.ExecuteStepMatch(BindingMatch match, Object[] arguments)
   at TechTalk.SpecFlow.Infrastructure.TestExecutionEngine.ExecuteStep(IContextManager contextManager, StepInstance stepInstance)
   at TechTalk.SpecFlow.Infrastructure.TestExecutionEngine.OnAfterLastStep()
   at TechTalk.SpecFlow.TestRunner.CollectScenarioErrors()
   at API_Tests.Features.HomeControllerFeature.ScenarioCleanup()
   at API_Tests.Features.HomeControllerFeature.TryingToRegisterAUserWithNullCredentials() in F:\GitHubRepositories\PC_Test\API_Tests\features\HomeController.feature:line 14
   at TechTalk.SpecRun.Framework.TaskExecutors.StaticOrInstanceMethodExecutor.ExecuteInternal(ITestThreadExecutionContext testThreadExecutionContext)
   at TechTalk.SpecRun.Framework.TaskExecutors.StaticOrInstanceMethodExecutor.Execute(ITestThreadExecutionContext testThreadExecutionContext)
   at TechTalk.SpecRun.Framework.TestAssemblyExecutor.ExecuteTestNodeTask(TestNode testNode, ITaskExecutor task, TraceEventType eventType)</pre>
                        </td>
                        <td>Failed in 0.001s</td>
                    </tr>
                    <tr>
                        <td>
                            <pre class="log">Then User is not registerd</pre>
                        </td>
                        <td>
                            <!-- [TestAssert: Scenario - Trying to register a user with null credentials] -->
                            <pre class="log">skipped because of previous errors</pre>
                        </td>
                        <td>Skipped in 0.001s</td>
                    </tr>
            </table>
            <a name="t-1458898043.0" />
            <h3>Scenario: Trying to login with existing user (in API_Tests, HomeController)</h3>
            <ul>
                <li>Status: Failed</li>
                <li>Start time: 18/07/10 19:35:03</li>
                <li>Execution time (sec): 0.0070056</li>
                <li>Thread: #0</li>
                <li>Error: Could not find a part of the path &#39;F:\GitHubRepositories\PC_Test\API_Tests\bin\DebugLogs\logs.txt&#39;.</li>
            </ul>
            <table class="testEvents">
                <tr>
                    <th>Steps</th>
                    <th>Trace</th>
                    <th>Result</th>
                </tr>
                    <tr>
                        <td>
                            <pre class="log">Given I have an existing user</pre>
                        </td>
                        <td>
                            <!-- [TestArrange: Scenario - Trying to login with existing user] -->
                            <pre class="log">done: HomeControllerSteps.GivenIHaveAnExistingUser() (0.0s)</pre>
                        </td>
                        <td>Succeeded in 0.002s</td>
                    </tr>
                    <tr>
                        <td>
                            <pre class="log">When I login</pre>
                        </td>
                        <td>
                            <!-- [TestAct: Scenario - Trying to login with existing user] -->
                            <pre class="log">error: Could not find a part of the path &#39;F:\GitHubRepositories\PC_Test\API_Tests\bin\DebugLogs\logs.txt&#39;.</pre>
                                <div class="errorMessage">Could not find a part of the path &#39;F:\GitHubRepositories\PC_Test\API_Tests\bin\DebugLogs\logs.txt&#39;.</div>
                                <pre class="stackTrace">System.IO.DirectoryNotFoundException: Could not find a part of the path &#39;F:\GitHubRepositories\PC_Test\API_Tests\bin\DebugLogs\logs.txt&#39;.
   at System.IO.__Error.WinIOError(Int32 errorCode, String maybeFullPath)
   at System.IO.FileStream.Init(String path, FileMode mode, FileAccess access, Int32 rights, Boolean useRights, FileShare share, Int32 bufferSize, FileOptions options, SECURITY_ATTRIBUTES secAttrs, String msgPath, Boolean bFromProxy, Boolean useLongPath, Boolean checkHost)
   at System.IO.FileStream..ctor(String path, FileMode mode, FileAccess access, FileShare share, Int32 bufferSize, FileOptions options, String msgPath, Boolean bFromProxy, Boolean useLongPath, Boolean checkHost)
   at System.IO.StreamWriter.CreateFile(String path, Boolean append, Boolean checkHost)
   at System.IO.StreamWriter..ctor(String path, Boolean append, Encoding encoding, Int32 bufferSize, Boolean checkHost)
   at System.IO.StreamWriter..ctor(String path, Boolean append)
   at System.IO.File.AppendText(String path)
   at API.Logger.Log(String msg) in F:\GitHubRepositories\PC_Test\API\Logger.cs:line 21
   at API.Controllers.HomeController.Login(User user) in F:\GitHubRepositories\PC_Test\API\Controllers\HomeController.cs:line 36
   at DataAccess.tests.steps.HomeControllerSteps.WhenILogin() in F:\GitHubRepositories\PC_Test\API_Tests\steps\HomeControllerSteps.cs:line 51
   at lambda_method(Closure , IContextManager )
   at TechTalk.SpecFlow.Bindings.BindingInvoker.InvokeBinding(IBinding binding, IContextManager contextManager, Object[] arguments, ITestTracer testTracer, TimeSpan&amp; duration)
   at TechTalk.SpecFlow.Infrastructure.TestExecutionEngine.ExecuteStepMatch(BindingMatch match, Object[] arguments)
   at TechTalk.SpecRun.SpecFlowPlugin.Runtime.RunnerTestExecutionEngine.ExecuteStepMatch(BindingMatch match, Object[] arguments)
   at TechTalk.SpecFlow.Infrastructure.TestExecutionEngine.ExecuteStep(IContextManager contextManager, StepInstance stepInstance)
   at TechTalk.SpecFlow.Infrastructure.TestExecutionEngine.OnAfterLastStep()
   at TechTalk.SpecFlow.TestRunner.CollectScenarioErrors()
   at API_Tests.Features.HomeControllerFeature.ScenarioCleanup()
   at API_Tests.Features.HomeControllerFeature.TryingToLoginWithExistingUser() in F:\GitHubRepositories\PC_Test\API_Tests\features\HomeController.feature:line 20
   at TechTalk.SpecRun.Framework.TaskExecutors.StaticOrInstanceMethodExecutor.ExecuteInternal(ITestThreadExecutionContext testThreadExecutionContext)
   at TechTalk.SpecRun.Framework.TaskExecutors.StaticOrInstanceMethodExecutor.Execute(ITestThreadExecutionContext testThreadExecutionContext)
   at TechTalk.SpecRun.Framework.TestAssemblyExecutor.ExecuteTestNodeTask(TestNode testNode, ITaskExecutor task, TraceEventType eventType)</pre>
                        </td>
                        <td>Failed in 0.003s</td>
                    </tr>
                    <tr>
                        <td>
                            <pre class="log">Then I get an authentication token</pre>
                        </td>
                        <td>
                            <!-- [TestAssert: Scenario - Trying to login with existing user] -->
                            <pre class="log">skipped because of previous errors</pre>
                        </td>
                        <td>Skipped in 0.001s</td>
                    </tr>
                    <tr>
                        <td>
                            <pre class="log">And The token is valid</pre>
                        </td>
                        <td>
                            <!-- [TestAssert: Scenario - Trying to login with existing user] -->
                            <pre class="log">skipped because of previous errors</pre>
                        </td>
                        <td>Skipped in 0s</td>
                    </tr>
            </table>
	</body>
</html>
</a><div style='position: absolute; top:0px; right:10px; z-index: 1000; text-align: right; font-size: small; color: #FF5555'>
Generated by an evaluation version of SpecRun.<br />
This version can be used for evaluation purposes only.<br />
For obtaining a registered license please visit <a href='http://www.specflow.org/plus'>http://www.specflow.org/plus</a>.
</div>
